<?xml version="1.0" encoding="UTF-8"?>
<!-- Generated by org.testng.reporters.JUnitReportReporter -->
<testsuite hostname="ArunMotoori" failures="0" tests="1" name="register.TC_RF_022" time="5.246" errors="0" timestamp="2024-12-08T20:06:30 IST" skipped="0">
  <testcase classname="register.TC_RF_022" name="verifyRegisteringAccountPasswordFieldsForSecurity" time="5.246"/>
</testsuite> <!-- register.TC_RF_022 -->
