<?xml version="1.0" encoding="UTF-8"?>
<!-- Generated by org.testng.reporters.JUnitReportReporter -->
<testsuite hostname="ArunMotoori" failures="0" tests="1" name="register.TC_RF_004" time="6.462" errors="0" timestamp="2024-11-07T19:48:03 IST" skipped="0">
  <testcase classname="register.TC_RF_004" name="verifyWarningMessageOfMandatoryFieldsInRegisterAccountPage" time="6.462"/>
</testsuite> <!-- register.TC_RF_004 -->
