<?xml version="1.0" encoding="UTF-8"?>
<!-- Generated by org.testng.reporters.JUnitReportReporter -->
<testsuite hostname="ArunMotoori" failures="0" tests="1" name="register.TC_RF_007" time="8.972" errors="0" timestamp="2024-11-08T19:44:03 IST" skipped="0">
  <testcase classname="register.TC_RF_007" name="verifyDifferentWaysOfNavigatingToRegisterAccountPage" time="8.972"/>
</testsuite> <!-- register.TC_RF_007 -->
