<?xml version="1.0" encoding="UTF-8"?>
<!-- Generated by org.testng.reporters.JUnitReportReporter -->
<testsuite hostname="ArunMotoori" failures="0" tests="1" name="register.TC_RF_009" time="7.407" errors="0" timestamp="2024-11-08T20:08:51 IST" skipped="0">
  <testcase classname="register.TC_RF_009" name="verifyRegisterAccountWithExistingEmailAddress" time="7.407"/>
</testsuite> <!-- register.TC_RF_009 -->
