<?xml version="1.0" encoding="UTF-8"?>
<!-- Generated by org.testng.reporters.JUnitReportReporter -->
<testsuite hostname="ArunMotoori" failures="0" tests="1" name="register.TC_RF_010" time="8.648" errors="0" timestamp="2024-11-12T20:14:03 IST" skipped="0">
  <testcase classname="register.TC_RF_010" name="verifyRegisteringAccountUsingInvalidEmail" time="8.648"/>
</testsuite> <!-- register.TC_RF_010 -->
