<?xml version="1.0" encoding="UTF-8"?>
<!-- Generated by org.testng.reporters.JUnitReportReporter -->
<testsuite hostname="ArunMotoori" failures="0" tests="1" name="register.TC_RF_023" time="32.665" errors="0" timestamp="2024-12-09T20:12:54 IST" skipped="0">
  <testcase classname="register.TC_RF_023" name="verifyRegisterAccountPageNavigations" time="32.665"/>
</testsuite> <!-- register.TC_RF_023 -->
