<?xml version="1.0" encoding="UTF-8"?>
<!-- Generated by org.testng.reporters.JUnitReportReporter -->
<testsuite hostname="ArunMotoori" failures="0" tests="1" name="register.TC_RF_018" time="53.408" errors="0" timestamp="2024-12-06T20:16:47 IST" skipped="0">
  <testcase classname="register.TC_RF_018" name="verifyHeightWidthNumberOfCharacters" time="53.408"/>
</testsuite> <!-- register.TC_RF_018 -->
