<?xml version="1.0" encoding="UTF-8"?>
<!-- Generated by org.testng.reporters.JUnitReportReporter -->
<testsuite hostname="ArunMotoori" failures="0" tests="1" name="register.TC_RF_020" time="5.615" errors="0" timestamp="2024-12-08T19:49:26 IST" skipped="0">
  <testcase classname="register.TC_RF_020" name="verifyRegisterAccountPrivacyPolicyField" time="5.615"/>
</testsuite> <!-- register.TC_RF_020 -->
