<?xml version="1.0" encoding="UTF-8"?>
<!-- Generated by org.testng.reporters.JUnitReportReporter -->
<testsuite hostname="Fatema-Kassim" failures="0" tests="1" name="tests.Search" time="3.045" errors="0" timestamp="2025-03-21T13:29:25 GST" skipped="0">
  <testcase classname="tests.Search" name="verifyListAndGridViewsWhenMultipleProductsAreDisplayed" time="3.045"/>
</testsuite> <!-- tests.Search -->
