<?xml version="1.0" encoding="UTF-8"?>
<!-- Generated by org.testng.reporters.JUnitReportReporter -->
<testsuite hostname="Fatema-Kassim" failures="0" tests="1" name="tests.Login" time="5.989" errors="0" timestamp="2025-03-21T13:35:00 GST" skipped="0">
  <testcase classname="tests.Login" name="verifyNumberOfUnsuccessfulAttempts" time="5.989"/>
</testsuite> <!-- tests.Login -->
