<?xml version="1.0" encoding="UTF-8"?>
<!-- Generated by org.testng.reporters.JUnitReportReporter -->
<testsuite hostname="ArunMotoori" failures="0" tests="1" name="register.TC_RF_008" time="7.544" errors="0" timestamp="2024-11-08T19:55:25 IST" skipped="0">
  <testcase classname="register.TC_RF_008" name="verifyRegisteringAccountByProvidingMismatchedPasswords" time="7.544"/>
</testsuite> <!-- register.TC_RF_008 -->
