<?xml version="1.0" encoding="UTF-8"?>
<!-- Generated by org.testng.reporters.JUnitReportReporter -->
<testsuite hostname="ArunMotoori" failures="0" tests="1" name="register.TC_RF_001" time="7.756" errors="0" timestamp="2024-12-16T20:03:56 IST" skipped="0">
  <testcase classname="register.TC_RF_001" name="verifyRegisteringAccountUsingMandatoryFields" time="7.756"/>
</testsuite> <!-- register.TC_RF_001 -->
