<?xml version="1.0" encoding="UTF-8"?>
<!-- Generated by org.testng.reporters.JUnitReportReporter -->
<testsuite hostname="Fatema-Kassim" failures="0" tests="9" name="tests.Logout" time="62.161" errors="0" timestamp="2025-03-25T10:58:13 GST" skipped="0">
  <testcase classname="tests.Logout" name="verifyLoggingOutUsingMyAccountLogoutOption" time="6.113"/>
  <testcase classname="tests.Logout" name="verifyLoggingOutUsingRightColumnOptions" time="6.084"/>
  <testcase classname="tests.Logout" name="verifyLoggingOutandBrowsingBack" time="7.318"/>
  <testcase classname="tests.Logout" name="verifyNoLogoutOptionBeforeLogininAccountDropMenu" time="6.049"/>
  <testcase classname="tests.Logout" name="verifyNoLogoutOptionBeforeLoginInRightColumnOptions" time="7.279"/>
  <testcase classname="tests.Logout" name="verifyLoginImmediatelyAfterLogout" time="7.850"/>
  <testcase classname="tests.Logout" name="verifyLogoutPageBreadcrumbURLTitleHeading" time="6.714"/>
  <testcase classname="tests.Logout" name="verifyLogoutUI" time="6.586"/>
  <testcase classname="tests.Logout" name="verifyLogOutInAllEnvironments" time="8.168"/>
</testsuite> <!-- tests.Logout -->
