<?xml version="1.0" encoding="UTF-8"?>
<!-- Generated by org.testng.reporters.JUnitReportReporter -->
<testsuite hostname="Fatema-Kassim" failures="0" tests="1" name="tests.Logout" time="4.387" errors="0" timestamp="2025-03-21T13:28:26 GST" skipped="0">
  <testcase classname="tests.Logout" name="verifyLogoutPageBreadcrumbURLTitleHeading" time="4.387"/>
</testsuite> <!-- tests.Logout -->
