<?xml version="1.0" encoding="UTF-8"?>
<!-- Generated by org.testng.reporters.JUnitReportReporter -->
<testsuite hostname="ArunMotoori" failures="0" tests="3" name="register.TC_RF_027" time="27.989" errors="0" timestamp="2024-12-12T20:07:18 IST" skipped="0">
  <testcase classname="register.TC_RF_027" name="verifyRegisterAccountInAllEnvironments" time="9.806"/>
  <testcase classname="register.TC_RF_027" name="verifyRegisterAccountInAllEnvironments" time="10.194"/>
  <testcase classname="register.TC_RF_027" name="verifyRegisterAccountInAllEnvironments" time="7.989"/>
</testsuite> <!-- register.TC_RF_027 -->
