<?xml version="1.0" encoding="UTF-8"?>
<!-- Generated by org.testng.reporters.JUnitReportReporter -->
<testsuite hostname="Fatema-Kassim" failures="0" tests="1" name="tests.Search" time="5.596" errors="0" timestamp="2025-03-06T10:22:08 GST" skipped="0">
  <testcase classname="tests.Search" name="verifyShowProductsByLimitingCount" time="5.596"/>
</testsuite> <!-- tests.Search -->
