<?xml version="1.0" encoding="UTF-8"?>
<!-- Generated by org.testng.reporters.JUnitReportReporter -->
<testsuite hostname="ArunMotoori" failures="0" tests="1" name="register.TC_RF_012" time="11.044" errors="0" timestamp="2024-11-20T21:57:51 IST" skipped="0">
  <testcase classname="register.TC_RF_012" name="verifyRegisteringAccountUsingKeyboardKeys" time="11.044"/>
</testsuite> <!-- register.TC_RF_012 -->
