<?xml version="1.0" encoding="UTF-8"?>
<!-- Generated by org.testng.reporters.JUnitReportReporter -->
<testsuite hostname="ArunMotoori" failures="0" tests="1" name="register.TC_RF_003" time="7.150" errors="0" timestamp="2024-11-04T20:24:16 IST" skipped="0">
  <testcase classname="register.TC_RF_003" name="verifyRegistringAccountUsingAllFields" time="7.150"/>
</testsuite> <!-- register.TC_RF_003 -->
