<?xml version="1.0" encoding="UTF-8"?>
<!-- Generated by org.testng.reporters.JUnitReportReporter -->
<testsuite hostname="ArunMotoori" failures="0" tests="1" name="register.TC_RF_002" time="28.173" errors="0" timestamp="2024-11-05T20:42:34 IST" skipped="0">
  <testcase classname="register.TC_RF_002" name="verifyThankYourConfirmationEmailOnSuccessfulRegistration" time="28.173"/>
</testsuite> <!-- register.TC_RF_002 -->
