<?xml version="1.0" encoding="UTF-8"?>
<!-- Generated by org.testng.reporters.JUnitReportReporter -->
<testsuite hostname="ArunMotoori" failures="0" tests="1" name="register.TC_RF_026" time="6.055" errors="0" timestamp="2024-12-10T20:26:40 IST" skipped="0">
  <testcase classname="register.TC_RF_026" name="verifyRegisterAccountUI" time="6.055"/>
</testsuite> <!-- register.TC_RF_026 -->
