<?xml version="1.0" encoding="UTF-8"?>
<!-- Generated by org.testng.reporters.JUnitReportReporter -->
<testsuite hostname="ArunMotoori" failures="0" tests="1" name="register.TC_RF_024" time="10.296" errors="0" timestamp="2024-12-10T20:00:49 IST" skipped="0">
  <testcase classname="register.TC_RF_024" name="verifyRegisteringAccountWithoutEnteringConfirmationPassword" time="10.296"/>
</testsuite> <!-- register.TC_RF_024 -->
