<?xml version="1.0" encoding="UTF-8"?>
<!-- Generated by org.testng.reporters.JUnitReportReporter -->
<testsuite hostname="ArunMotoori" failures="0" tests="1" name="register.TC_RF_021" time="7.302" errors="0" timestamp="2024-12-08T20:00:23 IST" skipped="0">
  <testcase classname="register.TC_RF_021" name="verifyRegisteringAccountWithoutSelectingPrivacyPolicyCheckboxField" time="7.302"/>
</testsuite> <!-- register.TC_RF_021 -->
