<?xml version="1.0" encoding="UTF-8"?>
<!-- Generated by org.testng.reporters.JUnitReportReporter -->
<testsuite hostname="ArunMotoori" failures="0" tests="1" name="register.TC_RF_005" time="9.007" errors="0" timestamp="2024-11-07T20:03:30 IST" skipped="0">
  <testcase classname="register.TC_RF_005" name="verifyRegisteringAccountBySubscribingToNewsletter" time="9.007"/>
</testsuite> <!-- register.TC_RF_005 -->
