<?xml version="1.0" encoding="UTF-8"?>
<!-- Generated by org.testng.reporters.JUnitReportReporter -->
<testsuite hostname="ArunMotoori" failures="0" tests="1" name="register.TC_RF_013" time="5.357" errors="0" timestamp="2024-11-20T22:10:32 IST" skipped="0">
  <testcase classname="register.TC_RF_013" name="verifyRegisterAccountPagePlaceholders" time="5.357"/>
</testsuite> <!-- register.TC_RF_013 -->
