<?xml version="1.0" encoding="UTF-8"?>
<!-- Generated by org.testng.reporters.JUnitReportReporter -->
<testsuite hostname="Fatema-Kassim" failures="0" tests="2" name="tests.Register" time="3.324" errors="0" timestamp="2025-03-21T13:28:40 GST" skipped="1">
  <testcase classname="tests.Register" name="verifyRegisterAccountPageBreadcrumbURLTitleHeading" time="3.324"/>
  <testcase classname="tests.Register" name="verifyDataBaseTestingForRegisterAccount">
    <skipped/>
  </testcase> <!-- verifyDataBaseTestingForRegisterAccount -->
</testsuite> <!-- tests.Register -->
