<?xml version="1.0" encoding="UTF-8"?>
<!-- Generated by org.testng.reporters.JUnitReportReporter -->
<testsuite hostname="ArunMotoori" failures="0" tests="1" name="register.TC_RF_006" time="8.202" errors="0" timestamp="2024-11-07T20:07:33 IST" skipped="0">
  <testcase classname="register.TC_RF_006" name="verifyRegisteringAccountByNotSubscribingToNewsletter" time="8.202"/>
</testsuite> <!-- register.TC_RF_006 -->
