<?xml version="1.0" encoding="UTF-8"?>
<!-- Generated by org.testng.reporters.JUnitReportReporter -->
<testsuite hostname="ArunMotoori" failures="0" tests="1" name="register.TC_RF_025" time="5.887" errors="0" timestamp="2024-12-10T20:08:15 IST" skipped="0">
  <testcase classname="register.TC_RF_025" name="verifyRegisterAccountPageBreadcrumbURLTitleHeading" time="5.887"/>
</testsuite> <!-- register.TC_RF_025 -->
